<?xml version="1.0" encoding="UTF-8"?>
<!-- Generated by org.testng.reporters.JUnitReportReporter -->
<testsuite hostname="Guna" failures="0" tests="1" name="atghomepage.AccessHomepage" time="29.170" errors="0" timestamp="2024-06-09T20:50:16 CEST" skipped="0">
  <testcase classname="atghomepage.AccessHomepage" name="Homepage" time="29.170"/>
</testsuite> <!-- atghomepage.AccessHomepage -->
