<?xml version="1.0" encoding="UTF-8"?>
<!-- Generated by org.testng.reporters.JUnitReportReporter -->
<testsuite hostname="Guna" failures="0" tests="1" name="atgspela.ATGSpela" time="35.748" errors="0" timestamp="2024-06-10T07:54:58 CEST" skipped="0">
  <testcase classname="atgspela.ATGSpela" name="Homepage" time="35.748"/>
</testsuite> <!-- atgspela.ATGSpela -->
